<?xml version="1.0" encoding="UTF-8"?>
<testng-results skipped="0" failed="0" total="1" passed="1">
  <reporter-output>
  </reporter-output>
  <suite name="Default suite" duration-ms="41347" started-at="2018-06-25T10:38:28Z" finished-at="2018-06-25T10:39:10Z">
    <groups>
    </groups>
    <test name="Default test" duration-ms="41347" started-at="2018-06-25T10:38:28Z" finished-at="2018-06-25T10:39:10Z">
      <class name="p1.p11.bookticket">
        <test-method status="PASS" signature="beforeTest()[pri:0, instance:p1.p11.bookticket@26653222]" name="beforeTest" is-config="true" duration-ms="39242" started-at="2018-06-25T16:08:28Z" finished-at="2018-06-25T16:09:08Z">
          <reporter-output>
          </reporter-output>
        </test-method> <!-- beforeTest -->
        <test-method status="PASS" signature="f()[pri:0, instance:p1.p11.bookticket@26653222]" name="f" duration-ms="2083" started-at="2018-06-25T16:09:08Z" finished-at="2018-06-25T16:09:10Z">
          <reporter-output>
          </reporter-output>
        </test-method> <!-- f -->
        <test-method status="PASS" signature="afterTest()[pri:0, instance:p1.p11.bookticket@26653222]" name="afterTest" is-config="true" duration-ms="0" started-at="2018-06-25T16:09:10Z" finished-at="2018-06-25T16:09:10Z">
          <reporter-output>
          </reporter-output>
        </test-method> <!-- afterTest -->
      </class> <!-- p1.p11.bookticket -->
    </test> <!-- Default test -->
  </suite> <!-- Default suite -->
</testng-results>
